<?xml version="1.0" encoding="UTF-8"?>
<!-- Generated by org.testng.reporters.JUnitReportReporter -->
<testsuite hostname="AERISIN-051" name="com.qa.rest.Test01_GET" tests="1" failures="0" timestamp="24 Mar 2020 09:07:10 GMT" time="3.804" errors="0">
  <testcase name="test_01" time="3.804" classname="com.qa.rest.Test01_GET"/>
</testsuite> <!-- com.qa.rest.Test01_GET -->
